<?xml version="1.0" encoding="UTF-8"?>
<robot generator="Robot 4.1.2 (Python 3.10.0 on win32)" generated="20211109 11:38:59.690" rpa="false" schemaversion="2">
<suite id="s1" name="ExemploArgumentos" source="C:\Users\graci\OneDrive\Documentos\UDEMY\Robot\EscoposVariaveis\ExemploArgumentos.robot">
<test id="s1-t1" name="Caso de teste de exemplo 01">
<kw name="Uma keyword qualquer 01">
<kw name="Uma subkeyword com argumentos">
<arg>${PESSOA.nome}</arg>
<arg>${PESSOA.email}</arg>
<kw name="Log" library="BuiltIn">
<arg>Nome do usuário: ${NOME_USUARIO}</arg>
<doc>Logs the given message with the given level.</doc>
<msg timestamp="20211109 11:38:59.738" level="INFO">Nome do usuário: May</msg>
<status status="PASS" starttime="20211109 11:38:59.737" endtime="20211109 11:38:59.738"/>
</kw>
<kw name="Log" library="BuiltIn">
<arg>Email: ${EMAIL_USUARIO}</arg>
<doc>Logs the given message with the given level.</doc>
<msg timestamp="20211109 11:38:59.738" level="INFO">Email: timaochato@naoparadechorar.com</msg>
<status status="PASS" starttime="20211109 11:38:59.738" endtime="20211109 11:38:59.738"/>
</kw>
<status status="PASS" starttime="20211109 11:38:59.736" endtime="20211109 11:38:59.739"/>
</kw>
<kw name="Uma subkeyword com retorno">
<var>${MENSAGEM_ALERTA}</var>
<arg>${PESSOA.nome}</arg>
<arg>${PESSOA.idade}</arg>
<kw name="Set Variable If" library="BuiltIn">
<var>${MENSAGEM}</var>
<arg>${IDADE_USUARIO}&lt;18</arg>
<arg>Não autorizado! O usuário ${NOME_USUARIO} é menor de idade!</arg>
<doc>Sets variable based on the given condition.</doc>
<msg timestamp="20211109 11:38:59.740" level="INFO">${MENSAGEM} = Não autorizado! O usuário May é menor de idade!</msg>
<status status="PASS" starttime="20211109 11:38:59.740" endtime="20211109 11:38:59.740"/>
</kw>
<msg timestamp="20211109 11:38:59.741" level="INFO">${MENSAGEM_ALERTA} = Não autorizado! O usuário May é menor de idade!</msg>
<status status="PASS" starttime="20211109 11:38:59.739" endtime="20211109 11:38:59.741"/>
</kw>
<kw name="Log" library="BuiltIn">
<arg>${MENSAGEM_ALERTA}</arg>
<doc>Logs the given message with the given level.</doc>
<msg timestamp="20211109 11:38:59.741" level="INFO">Não autorizado! O usuário May é menor de idade!</msg>
<status status="PASS" starttime="20211109 11:38:59.741" endtime="20211109 11:38:59.741"/>
</kw>
<status status="PASS" starttime="20211109 11:38:59.736" endtime="20211109 11:38:59.741"/>
</kw>
<kw name="Customizacao do email">
<kw name="Criacao do Email">
<arg>${PESSOA.nome}</arg>
<arg>${PESSOA.sobrenome}</arg>
<kw name="Generate Random String" library="String">
<var>${ALEATORIO}</var>
<doc>Generates a string with a desired ``length`` from the given ``chars``.</doc>
<msg timestamp="20211109 11:38:59.744" level="INFO">${ALEATORIO} = 9MnAbbQX</msg>
<status status="PASS" starttime="20211109 11:38:59.744" endtime="20211109 11:38:59.745"/>
</kw>
<kw name="Log" library="BuiltIn">
<arg>email customizado: ${NOME}${SOBRENOME}${ALEATORIO}@deucerto.com</arg>
<doc>Logs the given message with the given level.</doc>
<msg timestamp="20211109 11:38:59.745" level="INFO">email customizado: MayFernandes9MnAbbQX@deucerto.com</msg>
<status status="PASS" starttime="20211109 11:38:59.745" endtime="20211109 11:38:59.745"/>
</kw>
<status status="PASS" starttime="20211109 11:38:59.742" endtime="20211109 11:38:59.746"/>
</kw>
<status status="PASS" starttime="20211109 11:38:59.742" endtime="20211109 11:38:59.746"/>
</kw>
<status status="PASS" starttime="20211109 11:38:59.735" endtime="20211109 11:38:59.747"/>
</test>
<doc>Exemplo de uso de variaveis como argumentos em Keywords</doc>
<status status="PASS" starttime="20211109 11:38:59.690" endtime="20211109 11:38:59.748"/>
</suite>
<statistics>
<total>
<stat pass="1" fail="0" skip="0">All Tests</stat>
</total>
<tag>
</tag>
<suite>
<stat pass="1" fail="0" skip="0" id="s1" name="ExemploArgumentos">ExemploArgumentos</stat>
</suite>
</statistics>
<errors>
</errors>
</robot>
