<?xml version="1.0" encoding="UTF-8"?>
<robot generator="Robot 4.1.2 (Python 3.10.0 on win32)" generated="20211019 17:58:24.456" rpa="false" schemaversion="2">
<suite id="s1" name="TestSitePratice" source="C:\Users\graci\OneDrive\Documentos\UDEMY\Robot\SuiteSiteTestePratice\tests\TestSitePratice.robot">
<test id="s1-t1" name="Caso de Teste 01: Pesquisar produto existente">
<kw name="Abrir navegador" library="Resource" type="SETUP">
<kw name="Open Browser" library="SeleniumLibrary">
<arg>about:blank</arg>
<arg>${BROWSER}</arg>
<doc>Opens a new browser instance to the optional ``url``.</doc>
<msg timestamp="20211019 17:58:24.914" level="INFO">Opening browser 'chrome' to base url 'about:blank'.</msg>
<status status="PASS" starttime="20211019 17:58:24.914" endtime="20211019 17:58:26.637"/>
</kw>
<status status="PASS" starttime="20211019 17:58:24.913" endtime="20211019 17:58:26.637"/>
</kw>
<kw name="Acessar a pagina home do site" library="Resource">
<kw name="Go To" library="SeleniumLibrary">
<arg>http://automationpractice.com</arg>
<doc>Navigates the current browser window to the provided ``url``.</doc>
<msg timestamp="20211019 17:58:26.640" level="INFO">Opening url 'http://automationpractice.com'</msg>
<status status="PASS" starttime="20211019 17:58:26.639" endtime="20211019 17:58:36.194"/>
</kw>
<kw name="Title Should Be" library="SeleniumLibrary">
<arg>My Store</arg>
<doc>Verifies that the current page title equals ``title``.</doc>
<msg timestamp="20211019 17:58:36.202" level="INFO">Page title is 'My Store'.</msg>
<status status="PASS" starttime="20211019 17:58:36.194" endtime="20211019 17:58:36.202"/>
</kw>
<status status="PASS" starttime="20211019 17:58:26.638" endtime="20211019 17:58:36.203"/>
</kw>
<kw name="Digitar o nome do produto &quot;Blouse&quot; no campo Pesquisar" library="Resource" sourcename="Digitar o nome do produto &quot;${PRODUTO}&quot; no campo Pesquisar">
<kw name="Input Text" library="SeleniumLibrary">
<arg>name=search_query</arg>
<arg>${PRODUTO}</arg>
<doc>Types the given ``text`` into the text field identified by ``locator``.</doc>
<msg timestamp="20211019 17:58:36.205" level="INFO">Typing text 'Blouse' into text field 'name=search_query'.</msg>
<status status="PASS" starttime="20211019 17:58:36.205" endtime="20211019 17:58:36.346"/>
</kw>
<status status="PASS" starttime="20211019 17:58:36.204" endtime="20211019 17:58:36.346"/>
</kw>
<kw name="Clicar no botão Pesquisar" library="Resource">
<kw name="Click Element" library="SeleniumLibrary">
<arg>name=submit_search</arg>
<doc>Click the element identified by ``locator``.</doc>
<msg timestamp="20211019 17:58:36.348" level="INFO">Clicking element 'name=submit_search'.</msg>
<status status="PASS" starttime="20211019 17:58:36.348" endtime="20211019 17:58:38.785"/>
</kw>
<status status="PASS" starttime="20211019 17:58:36.347" endtime="20211019 17:58:38.785"/>
</kw>
<kw name="Fechar navegador" library="Resource" type="TEARDOWN">
<kw name="Close Browser" library="SeleniumLibrary">
<doc>Closes the current browser.</doc>
<status status="PASS" starttime="20211019 17:58:38.787" endtime="20211019 17:58:40.988"/>
</kw>
<status status="PASS" starttime="20211019 17:58:38.786" endtime="20211019 17:58:40.988"/>
</kw>
<status status="PASS" starttime="20211019 17:58:24.911" endtime="20211019 17:58:40.991"/>
</test>
<status status="PASS" starttime="20211019 17:58:24.461" endtime="20211019 17:58:40.997"/>
</suite>
<statistics>
<total>
<stat pass="1" fail="0" skip="0">All Tests</stat>
</total>
<tag>
</tag>
<suite>
<stat pass="1" fail="0" skip="0" id="s1" name="TestSitePratice">TestSitePratice</stat>
</suite>
</statistics>
<errors>
</errors>
</robot>
