<?xml version="1.0" encoding="UTF-8"?>
<robot generator="Robot 4.1.2 (Python 3.10.0 on win32)" generated="20211020 12:01:52.819" rpa="false" schemaversion="2">
<suite id="s1" name="TestSitePratice" source="C:\Users\graci\OneDrive\Documentos\UDEMY\Robot\SuiteSiteTestePratice\tests\TestSitePratice.robot">
<test id="s1-t1" name="Caso de Teste 01: Pesquisar produto não existente">
<kw name="Abrir navegador" library="Resource" type="SETUP">
<kw name="Open Browser" library="SeleniumLibrary">
<arg>about:blank</arg>
<arg>${BROWSER}</arg>
<doc>Opens a new browser instance to the optional ``url``.</doc>
<msg timestamp="20211020 12:01:53.555" level="INFO">Opening browser 'chrome' to base url 'about:blank'.</msg>
<status status="PASS" starttime="20211020 12:01:53.555" endtime="20211020 12:01:55.207"/>
</kw>
<status status="PASS" starttime="20211020 12:01:53.554" endtime="20211020 12:01:55.208"/>
</kw>
<kw name="Acessar a pagina home do site" library="Resource">
<kw name="Go To" library="SeleniumLibrary">
<arg>${URL}</arg>
<doc>Navigates the current browser window to the provided ``url``.</doc>
<msg timestamp="20211020 12:01:55.210" level="INFO">Opening url 'http://automationpractice.com'</msg>
<status status="PASS" starttime="20211020 12:01:55.210" endtime="20211020 12:02:00.098"/>
</kw>
<kw name="Title Should Be" library="SeleniumLibrary">
<arg>My Store</arg>
<doc>Verifies that the current page title equals ``title``.</doc>
<msg timestamp="20211020 12:02:00.111" level="INFO">Page title is 'My Store'.</msg>
<status status="PASS" starttime="20211020 12:02:00.099" endtime="20211020 12:02:00.111"/>
</kw>
<status status="PASS" starttime="20211020 12:01:55.209" endtime="20211020 12:02:00.112"/>
</kw>
<kw name="Digitar o nome do produto &quot;itemNãoExistente&quot; no campo Pesquisar" library="Resource" sourcename="Digitar o nome do produto &quot;${PRODUTO}&quot; no campo Pesquisar">
<kw name="Input Text" library="SeleniumLibrary">
<arg>name=search_query</arg>
<arg>${PRODUTO}</arg>
<doc>Types the given ``text`` into the text field identified by ``locator``.</doc>
<msg timestamp="20211020 12:02:00.117" level="INFO">Typing text 'itemNãoExistente' into text field 'name=search_query'.</msg>
<status status="PASS" starttime="20211020 12:02:00.115" endtime="20211020 12:02:00.297"/>
</kw>
<status status="PASS" starttime="20211020 12:02:00.113" endtime="20211020 12:02:00.297"/>
</kw>
<kw name="Clicar no botão Pesquisar" library="Resource">
<kw name="Click Element" library="SeleniumLibrary">
<arg>name=submit_search</arg>
<doc>Click the element identified by ``locator``.</doc>
<msg timestamp="20211020 12:02:00.300" level="INFO">Clicking element 'name=submit_search'.</msg>
<status status="PASS" starttime="20211020 12:02:00.300" endtime="20211020 12:02:00.544"/>
</kw>
<status status="PASS" starttime="20211020 12:02:00.298" endtime="20211020 12:02:00.545"/>
</kw>
<kw name="Conferir a mensagem de erro &quot;No results were found for your search &quot;itemNãoExistente&quot;&quot;" library="Resource" sourcename="Conferir a mensagem de erro &quot;${MENSAGEM}&quot;">
<kw name="Wait Until Element Is Visible" library="SeleniumLibrary">
<arg>//*[@id="center_column"]/p[@class='alert alert-warning']</arg>
<doc>Waits until the element ``locator`` is visible.</doc>
<status status="PASS" starttime="20211020 12:02:00.546" endtime="20211020 12:02:02.820"/>
</kw>
<kw name="Element Text Should Be" library="SeleniumLibrary">
<arg>//*[@id="center_column"]/p[@class='alert alert-warning']</arg>
<arg>${MENSAGEM}</arg>
<doc>Verifies that element ``locator`` contains exact the text ``expected``.</doc>
<msg timestamp="20211020 12:02:02.821" level="INFO">Verifying element '//*[@id="center_column"]/p[@class='alert alert-warning']' contains exact text 'No results were found for your search "itemNãoExistente"'.</msg>
<status status="PASS" starttime="20211020 12:02:02.820" endtime="20211020 12:02:02.894"/>
</kw>
<status status="PASS" starttime="20211020 12:02:00.546" endtime="20211020 12:02:02.895"/>
</kw>
<kw name="Fechar navegador" library="Resource" type="TEARDOWN">
<kw name="Close Browser" library="SeleniumLibrary">
<doc>Closes the current browser.</doc>
<status status="PASS" starttime="20211020 12:02:02.898" endtime="20211020 12:02:05.104"/>
</kw>
<status status="PASS" starttime="20211020 12:02:02.897" endtime="20211020 12:02:05.104"/>
</kw>
<status status="PASS" starttime="20211020 12:01:53.553" endtime="20211020 12:02:05.104"/>
</test>
<status status="PASS" starttime="20211020 12:01:52.824" endtime="20211020 12:02:05.109"/>
</suite>
<statistics>
<total>
<stat pass="1" fail="0" skip="0">All Tests</stat>
</total>
<tag>
</tag>
<suite>
<stat pass="1" fail="0" skip="0" id="s1" name="TestSitePratice">TestSitePratice</stat>
</suite>
</statistics>
<errors>
</errors>
</robot>
