<?xml version="1.0" encoding="UTF-8"?>
<robot generator="Robot 4.1.2 (Python 3.10.0 on win32)" generated="20211020 14:13:38.146" rpa="false" schemaversion="2">
<suite id="s1" name="TestSitePraticeBDD" source="C:\Users\graci\OneDrive\Documentos\UDEMY\Robot\SuiteSiteTestePratice\tests\TestSitePraticeBDD.robot">
<test id="s1-t1" name="Caso de Teste 01: Pesquisar produto existente">
<kw name="Abrir navegador" library="Resource" type="SETUP">
<kw name="Open Browser" library="SeleniumLibrary">
<arg>about:blank</arg>
<arg>${BROWSER}</arg>
<doc>Opens a new browser instance to the optional ``url``.</doc>
<msg timestamp="20211020 14:13:38.410" level="INFO">Opening browser 'chrome' to base url 'about:blank'.</msg>
<status status="PASS" starttime="20211020 14:13:38.410" endtime="20211020 14:13:39.689"/>
</kw>
<status status="PASS" starttime="20211020 14:13:38.410" endtime="20211020 14:13:39.689"/>
</kw>
<kw name="Dado que estou na pagina home do site">
<kw name="Acessar a pagina home do site" library="Resource">
<kw name="Go To" library="SeleniumLibrary">
<arg>${URL}</arg>
<doc>Navigates the current browser window to the provided ``url``.</doc>
<msg timestamp="20211020 14:13:39.693" level="INFO">Opening url 'http://automationpractice.com/index.php'</msg>
<status status="PASS" starttime="20211020 14:13:39.692" endtime="20211020 14:13:44.308"/>
</kw>
<kw name="Title Should Be" library="SeleniumLibrary">
<arg>My Store</arg>
<doc>Verifies that the current page title equals ``title``.</doc>
<msg timestamp="20211020 14:13:44.316" level="INFO">Page title is 'My Store'.</msg>
<status status="PASS" starttime="20211020 14:13:44.308" endtime="20211020 14:13:44.316"/>
</kw>
<status status="PASS" starttime="20211020 14:13:39.691" endtime="20211020 14:13:44.316"/>
</kw>
<status status="PASS" starttime="20211020 14:13:39.690" endtime="20211020 14:13:44.318"/>
</kw>
<kw name="Quando eu pesquisar pelo produto &quot;Blouse&quot;" sourcename="Quando eu pesquisar pelo produto &quot;${PRODUTO}&quot;">
<kw name="Digitar o nome do produto &quot;${PRODUTO}&quot; no campo Pesquisar" library="Resource" sourcename="Digitar o nome do produto &quot;${PRODUTO}&quot; no campo Pesquisar">
<kw name="Input Text" library="SeleniumLibrary">
<arg>name=search_query</arg>
<arg>${PRODUTO}</arg>
<doc>Types the given ``text`` into the text field identified by ``locator``.</doc>
<msg timestamp="20211020 14:13:44.320" level="INFO">Typing text 'Blouse' into text field 'name=search_query'.</msg>
<status status="PASS" starttime="20211020 14:13:44.320" endtime="20211020 14:13:44.429"/>
</kw>
<status status="PASS" starttime="20211020 14:13:44.318" endtime="20211020 14:13:44.429"/>
</kw>
<kw name="Clicar no botão Pesquisar" library="Resource">
<kw name="Click Element" library="SeleniumLibrary">
<arg>name=submit_search</arg>
<doc>Click the element identified by ``locator``.</doc>
<msg timestamp="20211020 14:13:44.430" level="INFO">Clicking element 'name=submit_search'.</msg>
<status status="PASS" starttime="20211020 14:13:44.430" endtime="20211020 14:13:47.791"/>
</kw>
<status status="PASS" starttime="20211020 14:13:44.429" endtime="20211020 14:13:47.792"/>
</kw>
<status status="PASS" starttime="20211020 14:13:44.318" endtime="20211020 14:13:47.792"/>
</kw>
<kw name="Então o produto &quot;Blouse&quot; deve ser listado na pagina resultado da busca" sourcename="Então o produto &quot;${PRODUTO}&quot; deve ser listado na pagina resultado da busca">
<kw name="Conferir se o produto &quot;${PRODUTO}&quot; foi listado no site" library="Resource" sourcename="Conferir se o produto &quot;${PRODUTO}&quot; foi listado no site">
<kw name="Wait Until Element Is Visible" library="SeleniumLibrary">
<arg>css=#center_column &gt; h1</arg>
<doc>Waits until the element ``locator`` is visible.</doc>
<status status="PASS" starttime="20211020 14:13:47.794" endtime="20211020 14:13:47.825"/>
</kw>
<kw name="Title Should Be" library="SeleniumLibrary">
<arg>Search - My Store</arg>
<doc>Verifies that the current page title equals ``title``.</doc>
<msg timestamp="20211020 14:13:47.829" level="INFO">Page title is 'Search - My Store'.</msg>
<status status="PASS" starttime="20211020 14:13:47.825" endtime="20211020 14:13:47.829"/>
</kw>
<kw name="Page Should Contain Image" library="SeleniumLibrary">
<arg>xpath=//*[@src="http://automationpractice.com/img/p/7/7-home_default.jpg"]</arg>
<doc>Verifies image identified by ``locator`` is found from current page.</doc>
<msg timestamp="20211020 14:13:47.846" level="INFO">Current page contains image 'xpath=//*[@src="http://automationpractice.com/img/p/7/7-home_default.jpg"]'.</msg>
<status status="PASS" starttime="20211020 14:13:47.829" endtime="20211020 14:13:47.846"/>
</kw>
<kw name="Page Should Contain Link" library="SeleniumLibrary">
<arg>xpath=//*[@id="center_column"]//a[@class="product-name"][contains(text(),"${PRODUTO}")]</arg>
<doc>Verifies link identified by ``locator`` is found from current page.</doc>
<msg timestamp="20211020 14:13:47.863" level="INFO">Current page contains link 'xpath=//*[@id="center_column"]//a[@class="product-name"][contains(text(),"Blouse")]'.</msg>
<status status="PASS" starttime="20211020 14:13:47.846" endtime="20211020 14:13:47.864"/>
</kw>
<status status="PASS" starttime="20211020 14:13:47.794" endtime="20211020 14:13:47.864"/>
</kw>
<status status="PASS" starttime="20211020 14:13:47.793" endtime="20211020 14:13:47.864"/>
</kw>
<kw name="Fechar navegador" library="Resource" type="TEARDOWN">
<kw name="Close Browser" library="SeleniumLibrary">
<doc>Closes the current browser.</doc>
<status status="PASS" starttime="20211020 14:13:47.865" endtime="20211020 14:13:50.022"/>
</kw>
<status status="PASS" starttime="20211020 14:13:47.865" endtime="20211020 14:13:50.022"/>
</kw>
<status status="PASS" starttime="20211020 14:13:38.410" endtime="20211020 14:13:50.022"/>
</test>
<test id="s1-t2" name="Caso de Teste 02: Pesquisar produto não existente">
<kw name="Abrir navegador" library="Resource" type="SETUP">
<kw name="Open Browser" library="SeleniumLibrary">
<arg>about:blank</arg>
<arg>${BROWSER}</arg>
<doc>Opens a new browser instance to the optional ``url``.</doc>
<msg timestamp="20211020 14:13:50.032" level="INFO">Opening browser 'chrome' to base url 'about:blank'.</msg>
<status status="PASS" starttime="20211020 14:13:50.031" endtime="20211020 14:13:51.264"/>
</kw>
<status status="PASS" starttime="20211020 14:13:50.031" endtime="20211020 14:13:51.264"/>
</kw>
<kw name="Dado que estou na pagina home do site">
<kw name="Acessar a pagina home do site" library="Resource">
<kw name="Go To" library="SeleniumLibrary">
<arg>${URL}</arg>
<doc>Navigates the current browser window to the provided ``url``.</doc>
<msg timestamp="20211020 14:13:51.267" level="INFO">Opening url 'http://automationpractice.com/index.php'</msg>
<status status="PASS" starttime="20211020 14:13:51.266" endtime="20211020 14:13:57.259"/>
</kw>
<kw name="Title Should Be" library="SeleniumLibrary">
<arg>My Store</arg>
<doc>Verifies that the current page title equals ``title``.</doc>
<msg timestamp="20211020 14:13:57.266" level="INFO">Page title is 'My Store'.</msg>
<status status="PASS" starttime="20211020 14:13:57.259" endtime="20211020 14:13:57.266"/>
</kw>
<status status="PASS" starttime="20211020 14:13:51.266" endtime="20211020 14:13:57.266"/>
</kw>
<status status="PASS" starttime="20211020 14:13:51.265" endtime="20211020 14:13:57.266"/>
</kw>
<kw name="Quando eu pesquisar pelo produto &quot;itemNãoExistente&quot;" sourcename="Quando eu pesquisar pelo produto &quot;${PRODUTO}&quot;">
<kw name="Digitar o nome do produto &quot;${PRODUTO}&quot; no campo Pesquisar" library="Resource" sourcename="Digitar o nome do produto &quot;${PRODUTO}&quot; no campo Pesquisar">
<kw name="Input Text" library="SeleniumLibrary">
<arg>name=search_query</arg>
<arg>${PRODUTO}</arg>
<doc>Types the given ``text`` into the text field identified by ``locator``.</doc>
<msg timestamp="20211020 14:13:57.270" level="INFO">Typing text 'itemNãoExistente' into text field 'name=search_query'.</msg>
<status status="PASS" starttime="20211020 14:13:57.269" endtime="20211020 14:13:57.390"/>
</kw>
<status status="PASS" starttime="20211020 14:13:57.268" endtime="20211020 14:13:57.390"/>
</kw>
<kw name="Clicar no botão Pesquisar" library="Resource">
<kw name="Click Element" library="SeleniumLibrary">
<arg>name=submit_search</arg>
<doc>Click the element identified by ``locator``.</doc>
<msg timestamp="20211020 14:13:57.391" level="INFO">Clicking element 'name=submit_search'.</msg>
<status status="PASS" starttime="20211020 14:13:57.390" endtime="20211020 14:13:59.436"/>
</kw>
<status status="PASS" starttime="20211020 14:13:57.390" endtime="20211020 14:13:59.436"/>
</kw>
<status status="PASS" starttime="20211020 14:13:57.267" endtime="20211020 14:13:59.436"/>
</kw>
<kw name="Então a mensagem de erro &quot;No results were found for your search &quot;itemNãoExistente&quot;&quot;" sourcename="Então a mensagem de erro &quot;${MENSAGEM}&quot;">
<kw name="Conferir a mensagem de erro &quot;${MENSAGEM}&quot;" library="Resource" sourcename="Conferir a mensagem de erro &quot;${MENSAGEM}&quot;">
<kw name="Wait Until Element Is Visible" library="SeleniumLibrary">
<arg>//*[@id="center_column"]/p[@class='alert alert-warning']</arg>
<doc>Waits until the element ``locator`` is visible.</doc>
<status status="PASS" starttime="20211020 14:13:59.438" endtime="20211020 14:13:59.474"/>
</kw>
<kw name="Element Text Should Be" library="SeleniumLibrary">
<arg>//*[@id="center_column"]/p[@class='alert alert-warning']</arg>
<arg>${MENSAGEM}</arg>
<doc>Verifies that element ``locator`` contains exact the text ``expected``.</doc>
<msg timestamp="20211020 14:13:59.475" level="INFO">Verifying element '//*[@id="center_column"]/p[@class='alert alert-warning']' contains exact text 'No results were found for your search "itemNãoExistente"'.</msg>
<status status="PASS" starttime="20211020 14:13:59.474" endtime="20211020 14:13:59.495"/>
</kw>
<status status="PASS" starttime="20211020 14:13:59.438" endtime="20211020 14:13:59.495"/>
</kw>
<status status="PASS" starttime="20211020 14:13:59.437" endtime="20211020 14:13:59.495"/>
</kw>
<kw name="Fechar navegador" library="Resource" type="TEARDOWN">
<kw name="Close Browser" library="SeleniumLibrary">
<doc>Closes the current browser.</doc>
<status status="PASS" starttime="20211020 14:13:59.496" endtime="20211020 14:14:01.711"/>
</kw>
<status status="PASS" starttime="20211020 14:13:59.496" endtime="20211020 14:14:01.711"/>
</kw>
<status status="PASS" starttime="20211020 14:13:50.030" endtime="20211020 14:14:01.711"/>
</test>
<status status="PASS" starttime="20211020 14:13:38.146" endtime="20211020 14:14:01.721"/>
</suite>
<statistics>
<total>
<stat pass="2" fail="0" skip="0">All Tests</stat>
</total>
<tag>
</tag>
<suite>
<stat pass="2" fail="0" skip="0" id="s1" name="TestSitePraticeBDD">TestSitePraticeBDD</stat>
</suite>
</statistics>
<errors>
</errors>
</robot>
