<?xml version="1.0" encoding="UTF-8"?>
<robot generator="Robot 4.1.2 (Python 3.10.0 on win32)" generated="20211020 11:24:59.856" rpa="false" schemaversion="2">
<suite id="s1" name="TestSitePratice" source="C:\Users\graci\OneDrive\Documentos\UDEMY\Robot\SuiteSiteTestePratice\tests\TestSitePratice.robot">
<test id="s1-t1" name="Caso de Teste 01: Pesquisar produto existente">
<kw name="Abrir navegador" library="Resource" type="SETUP">
<kw name="Open Browser" library="SeleniumLibrary">
<arg>about:blank</arg>
<arg>${BROWSER}</arg>
<doc>Opens a new browser instance to the optional ``url``.</doc>
<msg timestamp="20211020 11:25:00.304" level="INFO">Opening browser 'chrome' to base url 'about:blank'.</msg>
<status status="PASS" starttime="20211020 11:25:00.304" endtime="20211020 11:25:01.956"/>
</kw>
<status status="PASS" starttime="20211020 11:25:00.303" endtime="20211020 11:25:01.957"/>
</kw>
<kw name="Acessar a pagina home do site" library="Resource">
<kw name="Go To" library="SeleniumLibrary">
<arg>http://automationpractice.com</arg>
<doc>Navigates the current browser window to the provided ``url``.</doc>
<msg timestamp="20211020 11:25:01.961" level="INFO">Opening url 'http://automationpractice.com'</msg>
<status status="PASS" starttime="20211020 11:25:01.961" endtime="20211020 11:25:18.272"/>
</kw>
<kw name="Title Should Be" library="SeleniumLibrary">
<arg>My Store</arg>
<doc>Verifies that the current page title equals ``title``.</doc>
<msg timestamp="20211020 11:25:18.292" level="INFO">Page title is 'My Store'.</msg>
<status status="PASS" starttime="20211020 11:25:18.272" endtime="20211020 11:25:18.292"/>
</kw>
<status status="PASS" starttime="20211020 11:25:01.960" endtime="20211020 11:25:18.293"/>
</kw>
<kw name="Digitar o nome do produto &quot;Blouse&quot; no campo Pesquisar" library="Resource" sourcename="Digitar o nome do produto &quot;${PRODUTO}&quot; no campo Pesquisar">
<kw name="Input Text" library="SeleniumLibrary">
<arg>name=search_query</arg>
<arg>${PRODUTO}</arg>
<doc>Types the given ``text`` into the text field identified by ``locator``.</doc>
<msg timestamp="20211020 11:25:18.300" level="INFO">Typing text 'Blouse' into text field 'name=search_query'.</msg>
<status status="PASS" starttime="20211020 11:25:18.297" endtime="20211020 11:25:18.616"/>
</kw>
<status status="PASS" starttime="20211020 11:25:18.295" endtime="20211020 11:25:18.617"/>
</kw>
<kw name="Clicar no botão Pesquisar" library="Resource">
<kw name="Click Element" library="SeleniumLibrary">
<arg>name=submit_search</arg>
<doc>Click the element identified by ``locator``.</doc>
<msg timestamp="20211020 11:25:18.622" level="INFO">Clicking element 'name=submit_search'.</msg>
<status status="PASS" starttime="20211020 11:25:18.621" endtime="20211020 11:25:25.878"/>
</kw>
<status status="PASS" starttime="20211020 11:25:18.618" endtime="20211020 11:25:25.878"/>
</kw>
<kw name="Conferir se o produto &quot;Blouse&quot; foi listado no site" library="Resource" sourcename="Conferir se o produto &quot;${PRODUTO}&quot; foi listado no site">
<kw name="Wait Until Element Is Visible" library="SeleniumLibrary">
<arg>css=#center_column &gt; h1</arg>
<doc>Waits until the element ``locator`` is visible.</doc>
<status status="PASS" starttime="20211020 11:25:25.882" endtime="20211020 11:25:25.947"/>
</kw>
<kw name="Title Should Be" library="SeleniumLibrary">
<arg>Search - My Store</arg>
<doc>Verifies that the current page title equals ``title``.</doc>
<msg timestamp="20211020 11:25:25.955" level="INFO">Page title is 'Search - My Store'.</msg>
<status status="PASS" starttime="20211020 11:25:25.947" endtime="20211020 11:25:25.955"/>
</kw>
<kw name="Page Should Contain Image" library="SeleniumLibrary">
<arg>xpath=//*[@src="http://automationpractice.com/img/p/7/7-home_default.jpg"]</arg>
<doc>Verifies image identified by ``locator`` is found from current page.</doc>
<msg timestamp="20211020 11:25:25.993" level="INFO">Current page contains image 'xpath=//*[@src="http://automationpractice.com/img/p/7/7-home_default.jpg"]'.</msg>
<status status="PASS" starttime="20211020 11:25:25.955" endtime="20211020 11:25:25.993"/>
</kw>
<kw name="Page Should Contain Link" library="SeleniumLibrary">
<arg>xpath=//*[@id="center_column"]//a[@class="product-name"][contains(text(),"${PRODUTO}")]</arg>
<doc>Verifies link identified by ``locator`` is found from current page.</doc>
<msg timestamp="20211020 11:25:26.028" level="INFO">Current page contains link 'xpath=//*[@id="center_column"]//a[@class="product-name"][contains(text(),"Blouse")]'.</msg>
<status status="PASS" starttime="20211020 11:25:25.993" endtime="20211020 11:25:26.028"/>
</kw>
<status status="PASS" starttime="20211020 11:25:25.880" endtime="20211020 11:25:26.028"/>
</kw>
<status status="PASS" starttime="20211020 11:25:00.302" endtime="20211020 11:25:26.029"/>
</test>
<status status="PASS" starttime="20211020 11:24:59.860" endtime="20211020 11:25:26.034"/>
</suite>
<statistics>
<total>
<stat pass="1" fail="0" skip="0">All Tests</stat>
</total>
<tag>
</tag>
<suite>
<stat pass="1" fail="0" skip="0" id="s1" name="TestSitePratice">TestSitePratice</stat>
</suite>
</statistics>
<errors>
</errors>
</robot>
